<?xml version="1.0" encoding="UTF-8"?>
<!-- Generated by org.testng.reporters.JUnitReportReporter -->
<testsuite skipped="0" hostname="LAPTOP-6OACLVLF" name="com.app.TestCases.LoginTestCase" tests="1" failures="0" timestamp="2021-05-23T18:42:09 IST" time="1.235" errors="0">
  <testcase name="verifymaventest" time="1.235" classname="com.app.TestCases.LoginTestCase"/>
  <system-out>
verify username verify password verify login button  </system-out>
</testsuite> <!-- com.app.TestCases.LoginTestCase -->
