<?xml version="1.0" encoding="UTF-8"?>
<!-- Generated by org.testng.reporters.JUnitReportReporter -->
<testsuite hostname="LAPTOP-6OACLVLF" failures="0" tests="1" name="com.app.TestCases.LoginTestCase" time="2.495" errors="0" timestamp="2021-05-24T21:21:28 IST" skipped="0">
  <testcase classname="com.app.TestCases.LoginTestCase" name="verifymaventest" time="2.495"/>
  <system-out>
    <![CDATA[verify username
verify password
verify login button]]>
  </system-out>
</testsuite> <!-- com.app.TestCases.LoginTestCase -->
